<?xml version="1.0" encoding="UTF-8" ?>
<testsuites>
<testsuite name="Frisby Test: 3.GET_Servers" errors="0" tests="1" failures="0" time="0.025" timestamp="2014-11-06T12:59:15">
  <testcase classname="Frisby Test: 3.GET_Servers" name="
	[ GET http://192.168.122.94:5000/openvpn/server/ ]" time="0.025"></testcase>
</testsuite>
</testsuites>